INFO:root:Conectado al servidor localhost en el puerto 12345.
INFO:root:Conectado al servidor localhost en el puerto 12345.
INFO:root:Conectado al servidor localhost en el puerto 12345.
INFO:root:Conectado al servidor localhost en el puerto 12345.
INFO:root:Mensaje enviado y respuesta recibida.
INFO:root:Mensaje enviado y respuesta recibida.
INFO:root:Mensaje enviado y respuesta recibida.
INFO:root:Mensaje enviado y respuesta recibida.
ERROR:root:Error en la recepción de datos: [WinError 10038] Se intentó realizar una operación en un elemento que no es un socket
INFO:root:Conexión del cliente cerrada.
INFO:root:Conectado al servidor localhost en el puerto 12345.
INFO:root:Mensaje enviado y respuesta recibida.
INFO:root:Mensaje enviado y respuesta recibida.
INFO:root:Mensaje enviado y respuesta recibida.
INFO:root:Mensaje enviado y respuesta recibida.
INFO:root:Mensaje enviado y respuesta recibida.
ERROR:root:Error en la recepción de datos: [WinError 10038] Se intentó realizar una operación en un elemento que no es un socket
INFO:root:Conexión del cliente cerrada.
INFO:root:Conectado al servidor localhost en el puerto 12345.
INFO:root:Mensaje enviado y respuesta recibida.
ERROR:root:Error en la recepción de datos: [WinError 10038] Se intentó realizar una operación en un elemento que no es un socket
INFO:root:Conexión del cliente cerrada.
INFO:root:Conectado al servidor localhost en el puerto 12345.
INFO:root:Mensaje enviado y respuesta recibida.
INFO:root:Mensaje enviado y respuesta recibida.
INFO:root:Mensaje enviado y respuesta recibida.
INFO:root:Mensaje enviado y respuesta recibida.
INFO:root:Mensaje enviado y respuesta recibida.
INFO:root:Mensaje enviado y respuesta recibida.
INFO:root:Mensaje enviado y respuesta recibida.
ERROR:root:Error en la recepción de datos: [WinError 10038] Se intentó realizar una operación en un elemento que no es un socket
INFO:root:Cliente desconectado por solicitud del usuario.
INFO:root:Conexión del cliente cerrada.
ERROR:root:No se pudo conectar al servidor: [WinError 10061] No se puede establecer una conexión ya que el equipo de destino denegó expresamente dicha conexión
INFO:root:Conexión del cliente cerrada.
INFO:root:Conexión del cliente cerrada.
INFO:root:Conexión del cliente cerrada.
INFO:root:Conectado al servidor localhost en el puerto 12345.
INFO:root:Conectado al servidor localhost en el puerto 12345.
INFO:root:Mensaje enviado y respuesta recibida.
INFO:root:Mensaje enviado y respuesta recibida.
INFO:root:Mensaje enviado y respuesta recibida.
INFO:root:Mensaje enviado y respuesta recibida.
INFO:root:Mensaje enviado y respuesta recibida.
INFO:root:Mensaje enviado y respuesta recibida.
INFO:root:Cliente desconectado por solicitud del usuario.
ERROR:root:Error en la recepción de datos: [WinError 10038] Se intentó realizar una operación en un elemento que no es un socket
INFO:root:Conexión del cliente cerrada.
INFO:root:Conectado al servidor localhost en el puerto 12345.
INFO:root:Mensaje enviado y respuesta recibida.
INFO:root:Mensaje enviado y respuesta recibida.
INFO:root:Mensaje enviado y respuesta recibida.
ERROR:root:Error en la recepción de datos: [WinError 10054] Se ha forzado la interrupción de una conexión existente por el host remoto
INFO:root:Conexión del cliente cerrada.
ERROR:root:No se pudo conectar al servidor: [WinError 10061] No se puede establecer una conexión ya que el equipo de destino denegó expresamente dicha conexión
INFO:root:Conexión del cliente cerrada.
INFO:root:Conexión del cliente cerrada.
INFO:root:Conexión del cliente cerrada.
INFO:root:Conectado al servidor localhost en el puerto 12345.
INFO:root:Mensaje enviado y respuesta recibida.
INFO:root:Mensaje enviado y respuesta recibida.
ERROR:root:Error en la recepción de datos: [WinError 10038] Se intentó realizar una operación en un elemento que no es un socket
INFO:root:Conexión del cliente cerrada.
ERROR:root:No se pudo conectar al servidor: [WinError 10061] No se puede establecer una conexión ya que el equipo de destino denegó expresamente dicha conexión
INFO:root:Conexión del cliente cerrada.
INFO:root:Conexión del cliente cerrada.
INFO:root:Conexión del cliente cerrada.
ERROR:root:No se pudo conectar al servidor: [WinError 10061] No se puede establecer una conexión ya que el equipo de destino denegó expresamente dicha conexión
INFO:root:Conexión del cliente cerrada.
INFO:root:Conexión del cliente cerrada.
INFO:root:Conexión del cliente cerrada.
ERROR:root:No se pudo conectar al servidor: [WinError 10061] No se puede establecer una conexión ya que el equipo de destino denegó expresamente dicha conexión
INFO:root:Conexión del cliente cerrada.
INFO:root:Conexión del cliente cerrada.
INFO:root:Conexión del cliente cerrada.
INFO:root:Conectado al servidor localhost en el puerto 12345.
INFO:root:Mensaje enviado y respuesta recibida.
INFO:root:Mensaje enviado y respuesta recibida.
ERROR:root:Error en la recepción de datos: [WinError 10038] Se intentó realizar una operación en un elemento que no es un socket
INFO:root:Conexión del cliente cerrada.
INFO:root:Conectado al servidor localhost en el puerto 12345.
INFO:root:Mensaje enviado y respuesta recibida.
INFO:root:Mensaje enviado y respuesta recibida.
ERROR:root:Error en la recepción de datos: [WinError 10038] Se intentó realizar una operación en un elemento que no es un socket
INFO:root:Cliente desconectado por solicitud del usuario.
INFO:root:Conexión del cliente cerrada.
INFO:root:Conectado al servidor localhost en el puerto 12345.
INFO:root:Mensaje enviado y respuesta recibida.
ERROR:root:Error en la recepción de datos: [WinError 10038] Se intentó realizar una operación en un elemento que no es un socket
INFO:root:Cliente desconectado por solicitud del usuario.
INFO:root:Conexión del cliente cerrada.
INFO:root:Conectado al servidor localhost en el puerto 12345.
INFO:root:Mensaje enviado y respuesta recibida.
INFO:root:Mensaje enviado y respuesta recibida.
INFO:root:Mensaje enviado y respuesta recibida.
ERROR:root:Error en la recepción de datos: [WinError 10038] Se intentó realizar una operación en un elemento que no es un socket
INFO:root:Conexión del cliente cerrada.
INFO:root:Conectado al servidor localhost en el puerto 12345.
INFO:root:Mensaje enviado y respuesta recibida.
INFO:root:Mensaje enviado y respuesta recibida.
INFO:root:Mensaje enviado y respuesta recibida.
INFO:root:Mensaje enviado y respuesta recibida.
INFO:root:Mensaje enviado y respuesta recibida.
INFO:root:Mensaje enviado y respuesta recibida.
INFO:root:Mensaje enviado y respuesta recibida.
ERROR:root:Error en la recepción de datos: [WinError 10038] Se intentó realizar una operación en un elemento que no es un socket
INFO:root:Cliente desconectado por solicitud del usuario.
INFO:root:Conexión del cliente cerrada.
